This is pdfTeX, Version 3.141592653-2.6-1.40.22 (MiKTeX 21.2) (preloaded format=pdflatex 2021.3.23)  29 MAR 2021 08:52
entering extended mode
**./00_Deckblatt.tex
(00_Deckblatt.tex
LaTeX2e <2020-10-01> patch level 4
L3 programming layer <2021-02-18> xparse <2020-03-03>

! LaTeX Error: Missing \begin{document}.

See the LaTeX manual or LaTeX Companion for explanation.
Type  H <return>  for immediate help.
 ...                                              
                                                  
l.2 \begin{center}
                  
You're in trouble here.  Try typing  <return>  to proceed.
If that doesn't work, type  X <return>  to quit.


Overfull \hbox (20.0pt too wide) in paragraph at lines 2--2
[] 
 []

! Undefined control sequence.
l.5 \includegraphics
                    [height=3cm]{bilder/frauaslogo.png}
The control sequence at the end of the top line
of your error message was never \def'ed. If you have
misspelled it (e.g., `\hobx'), type `I' and the correct
spelling (e.g., `I\hbox'). Otherwise just continue,
and I'll forget about whatever was undefined.

Missing character: There is no [ in font nullfont!
Missing character: There is no h in font nullfont!
Missing character: There is no e in font nullfont!
Missing character: There is no i in font nullfont!
Missing character: There is no g in font nullfont!
Missing character: There is no h in font nullfont!
Missing character: There is no t in font nullfont!
Missing character: There is no = in font nullfont!
Missing character: There is no 3 in font nullfont!
Missing character: There is no c in font nullfont!
Missing character: There is no m in font nullfont!
Missing character: There is no ] in font nullfont!
Missing character: There is no b in font nullfont!
Missing character: There is no i in font nullfont!
Missing character: There is no l in font nullfont!
Missing character: There is no d in font nullfont!
Missing character: There is no e in font nullfont!
Missing character: There is no r in font nullfont!
Missing character: There is no / in font nullfont!
Missing character: There is no f in font nullfont!
Missing character: There is no r in font nullfont!
Missing character: There is no a in font nullfont!
Missing character: There is no u in font nullfont!
Missing character: There is no a in font nullfont!
Missing character: There is no s in font nullfont!
Missing character: There is no l in font nullfont!
Missing character: There is no o in font nullfont!
Missing character: There is no g in font nullfont!
Missing character: There is no o in font nullfont!
Missing character: There is no . in font nullfont!
Missing character: There is no p in font nullfont!
Missing character: There is no n in font nullfont!
Missing character: There is no g in font nullfont!

! LaTeX Error: Environment figure undefined.

See the LaTeX manual or LaTeX Companion for explanation.
Type  H <return>  for immediate help.
 ...                                              
                                                  
l.6 \begin{figure}
                  [h!]
Your command was ignored.
Type  I <command> <return>  to replace it with another command,
or  <return>  to continue without it.

Missing character: There is no [ in font nullfont!
Missing character: There is no h in font nullfont!
Missing character: There is no ! in font nullfont!
Missing character: There is no ] in font nullfont!

! LaTeX Error: \begin{center} on input line 2 ended by \end{figure}.

See the LaTeX manual or LaTeX Companion for explanation.
Type  H <return>  for immediate help.
 ...                                              
                                                  
l.8 \end{figure}
                \\[1,5cm]
Your command was ignored.
Type  I <command> <return>  to replace it with another command,
or  <return>  to continue without it.


! LaTeX Error: Environment Large undefined.

See the LaTeX manual or LaTeX Companion for explanation.
Type  H <return>  for immediate help.
 ...                                              
                                                  
l.10 \begin{Large}
                  
Your command was ignored.
Type  I <command> <return>  to replace it with another command,
or  <return>  to continue without it.


Overfull \hbox (42.43076pt too wide) in paragraph at lines 11--11
 []\OT1/cmss/bx/n/10 Frankfurt 
 []


Overfull \hbox (19.4723pt too wide) in paragraph at lines 11--11
 \OT1/cmss/bx/n/10 Uni- 
 []


Overfull \hbox (17.50008pt too wide) in paragraph at lines 11--11
 \OT1/cmss/bx/n/10 ver- 
 []


Overfull \hbox (15.50839pt too wide) in paragraph at lines 11--11
 \OT1/cmss/bx/n/10 sity 
 []


Overfull \hbox (8.86116pt too wide) in paragraph at lines 11--11
 \OT1/cmss/bx/n/10 of 
 []


Overfull \hbox (16.61119pt too wide) in paragraph at lines 11--11
 \OT1/cmss/bx/n/10 Ap- 
 []


Overfull \hbox (21.4445pt too wide) in paragraph at lines 11--11
 \OT1/cmss/bx/n/10 plied 
 []


Overfull \hbox (17.2223pt too wide) in paragraph at lines 11--11
 \OT1/cmss/bx/n/10 Sci- 
 []


Overfull \hbox (24.939pt too wide) in paragraph at lines 11--11
 \OT1/cmss/bx/n/10 ences 
 []


Overfull \hbox (54.47246pt too wide) in paragraph at lines 12--12
 []\OT1/cmss/bx/n/10 Fachbereich 
 []


Overfull \hbox (8.5556pt too wide) in paragraph at lines 12--12
 \OT1/cmss/bx/n/10 2: 
 []


Overfull \hbox (12.58337pt too wide) in paragraph at lines 12--12
 \OT1/cmss/bx/n/10 In- 
 []


Overfull \hbox (15.94453pt too wide) in paragraph at lines 12--12
 \OT1/cmss/bx/n/10 for- 
 []


Overfull \hbox (25.81955pt too wide) in paragraph at lines 12--12
 \OT1/cmss/bx/n/10 matik 
 []


! LaTeX Error: \begin{center} on input line 2 ended by \end{Large}.

See the LaTeX manual or LaTeX Companion for explanation.
Type  H <return>  for immediate help.
 ...                                              
                                                  
l.13 \end{Large}
                
Your command was ignored.
Type  I <command> <return>  to replace it with another command,
or  <return>  to continue without it.


! LaTeX Error: Environment LARGE undefined.

See the LaTeX manual or LaTeX Companion for explanation.
Type  H <return>  for immediate help.
 ...                                              
                                                  
l.16 \begin{LARGE}
                  
Your command was ignored.
Type  I <command> <return>  to replace it with another command,
or  <return>  to continue without it.


Overfull \hbox (65.41974pt too wide) in paragraph at lines 17--17
 []\OT1/cmss/bx/n/10 Bachelorthesis 
 []


! LaTeX Error: \begin{center} on input line 2 ended by \end{LARGE}.

See the LaTeX manual or LaTeX Companion for explanation.
Type  H <return>  for immediate help.
 ...                                              
                                                  
l.18 \end{LARGE}
                
Your command was ignored.
Type  I <command> <return>  to replace it with another command,
or  <return>  to continue without it.


Overfull \hbox (12.93059pt too wide) in paragraph at lines 19--19
 []\OT1/cmss/m/n/10 zur 
 []


Overfull \hbox (12.72224pt too wide) in paragraph at lines 19--19
 \OT1/cmss/m/n/10 Er- 
 []


Overfull \hbox (15.69446pt too wide) in paragraph at lines 19--19
 \OT1/cmss/m/n/10 lan- 
 []


Overfull \hbox (20.33337pt too wide) in paragraph at lines 19--19
 \OT1/cmss/m/n/10 gung 
 []


Overfull \hbox (13.44444pt too wide) in paragraph at lines 19--19
 \OT1/cmss/m/n/10 des 
 []


Overfull \hbox (41.33339pt too wide) in paragraph at lines 19--19
 \OT1/cmss/m/n/10 akademis- 
 []


Overfull \hbox (19.22223pt too wide) in paragraph at lines 19--19
 \OT1/cmss/m/n/10 chen 
 []


Overfull \hbox (28.33339pt too wide) in paragraph at lines 19--19
 \OT1/cmss/m/n/10 Grades 
 []


Overfull \hbox (24.4167pt too wide) in paragraph at lines 19--19
 \OT1/cmss/m/n/10 Bach- 
 []


Overfull \hbox (7.77777pt too wide) in paragraph at lines 19--19
 \OT1/cmss/m/n/10 e- 
 []


Overfull \hbox (10.5278pt too wide) in paragraph at lines 19--19
 \OT1/cmss/m/n/10 lor 
 []


Overfull \hbox (8.05559pt too wide) in paragraph at lines 19--19
 \OT1/cmss/m/n/10 of 
 []


Overfull \hbox (15.72223pt too wide) in paragraph at lines 19--19
 \OT1/cmss/m/n/10 Sci- 
 []


Overfull \hbox (18.5pt too wide) in paragraph at lines 19--19
 \OT1/cmss/m/n/10 ence 
 []


! LaTeX Error: Environment Large undefined.

See the LaTeX manual or LaTeX Companion for explanation.
Type  H <return>  for immediate help.
 ...                                              
                                                  
l.21 \begin{Large}
                  
Your command was ignored.
Type  I <command> <return>  to replace it with another command,
or  <return>  to continue without it.


Overfull \hbox (32.85571pt too wide) in paragraph at lines 22--22
 []\OT1/cmss/bx/n/10 Einsatz 
 []


Overfull \hbox (16.11118pt too wide) in paragraph at lines 22--22
 \OT1/cmss/bx/n/10 von 
 []


Overfull \hbox (18.8612pt too wide) in paragraph at lines 22--22
 \OT1/cmss/bx/n/10 We- 
 []


Overfull \hbox (27.00014pt too wide) in paragraph at lines 22--22
 \OT1/cmss/bx/n/10 bRTC 
 []


Overfull \hbox (12.6945pt too wide) in paragraph at lines 22--22
 \OT1/cmss/bx/n/10 fur 
 []


Overfull \hbox (40.41132pt too wide) in paragraph at lines 22--22
 \OT1/cmss/bx/n/10 Browser- 
 []


Overfull \hbox (35.6196pt too wide) in paragraph at lines 22--22
 \OT1/cmss/bx/n/10 basierte 
 []


Overfull \hbox (49.41132pt too wide) in paragraph at lines 22--22
 \OT1/cmss/bx/n/10 Brettspiele 
 []


Overfull \hbox (11.22226pt too wide) in paragraph at lines 22--22
 \OT1/cmss/bx/n/10 im 
 []


Overfull \hbox (19.52788pt too wide) in paragraph at lines 22--22
 \OT1/cmss/bx/n/10 Ver- 
 []


Overfull \hbox (16.8334pt too wide) in paragraph at lines 22--22
 \OT1/cmss/bx/n/10 gle- 
 []


Overfull \hbox (13.0556pt too wide) in paragraph at lines 22--22
 \OT1/cmss/bx/n/10 ich 
 []


Overfull \hbox (10.37505pt too wide) in paragraph at lines 22--22
 \OT1/cmss/bx/n/10 zu 
 []


Overfull \hbox (30.56956pt too wide) in paragraph at lines 22--22
 \OT1/cmss/bx/n/10 Client- 
 []


Overfull \hbox (28.77791pt too wide) in paragraph at lines 22--22
 \OT1/cmss/bx/n/10 Server 
 []


Overfull \hbox (14.7223pt too wide) in paragraph at lines 22--22
 \OT1/cmss/bx/n/10 Ar- 
 []


Overfull \hbox (31.18068pt too wide) in paragraph at lines 22--22
 \OT1/cmss/bx/n/10 chitek- 
 []


Overfull \hbox (13.52785pt too wide) in paragraph at lines 22--22
 \OT1/cmss/bx/n/10 tur 
 []


! LaTeX Error: \begin{center} on input line 2 ended by \end{Large}.

See the LaTeX manual or LaTeX Companion for explanation.
Type  H <return>  for immediate help.
 ...                                              
                                                  
l.23 \end{Large}
                
Your command was ignored.
Type  I <command> <return>  to replace it with another command,
or  <return>  to continue without it.


! LaTeX Error: Environment large undefined.

See the LaTeX manual or LaTeX Companion for explanation.
Type  H <return>  for immediate help.
 ...                                              
                                                  
l.26 \begin{large}
                  
Your command was ignored.
Type  I <command> <return>  to replace it with another command,
or  <return>  to continue without it.

! Undefined control sequence.
<argument> Version vom: \today 
                               
l.32 \textsf{Version vom: \today}
                                 
The control sequence at the end of the top line
of your error message was never \def'ed. If you have
misspelled it (e.g., `\hobx'), type `I' and the correct
spelling (e.g., `I\hbox'). Otherwise just continue,
and I'll forget about whatever was undefined.


! LaTeX Error: \begin{document} ended by \end{large}.

See the LaTeX manual or LaTeX Companion for explanation.
Type  H <return>  for immediate help.
 ...                                              
                                                  
l.33 \end{large}
                
Your command was ignored.
Type  I <command> <return>  to replace it with another command,
or  <return>  to continue without it.

)
! Emergency stop.
<*> ./00_Deckblatt.tex
                      
*** (job aborted, no legal \end found)

 
Here is how much of TeX's memory you used:
 29 strings out of 479334
 525 string characters out of 2866960
 284611 words of memory out of 3000000
 17582 multiletter control sequences out of 15000+200000
 404029 words of font info for 29 fonts, out of 3000000 for 9000
 1141 hyphenation exceptions out of 8191
 14i,1n,15p,180b,173s stack positions out of 5000i,500n,10000p,200000b,50000s
!  ==> Fatal error occurred, no output PDF file produced!
